<?xml version="1.0" encoding="UTF-8"?>
<!-- Generated by org.testng.reporters.JUnitXMLReporter -->
<testsuite ignored="0" hostname="LAPTOP-GUGK01O4" failures="3" tests="3" name="Free CRM Application Test firefox" time="53.382" errors="0" timestamp="2025-07-18T21:18:21 IST">
  <testcase classname="com.MyTest.LogInTest" name="verifygetLoginHeaderTest" time="0.031">
    <failure type="java.lang.StackOverflowError">
      <![CDATA[java.lang.StackOverflowError
at com.myPages.LoginPage.getLoginPageHeader(LoginPage.java:80)
at com.myPages.LoginPage.getLoginPageHeader(LoginPage.java:80)
at com.myPages.LoginPage.getLoginPageHeader(LoginPage.java:80)
at com.myPages.LoginPage.getLoginPageHeader(LoginPage.java:80)
at com.myPages.LoginPage.getLoginPageHeader(LoginPage.java:80)
at com.myPages.LoginPage.getLoginPageHeader(LoginPage.java:80)
at com.myPages.LoginPage.getLoginPageHeader(LoginPage.java:80)
at com.myPages.LoginPage.getLoginPageHeader(LoginPage.java:80)
at com.myPages.LoginPage.getLoginPageHeader(LoginPage.java:80)
at com.myPages.LoginPage.getLoginPageHeader(LoginPage.java:80)
at com.myPages.LoginPage.getLoginPageHeader(LoginPage.java:80)
at com.myPages.LoginPage.getLoginPageHeader(LoginPage.java:80)
at com.myPages.LoginPage.getLoginPageHeader(LoginPage.java:80)
at com.myPages.LoginPage.getLoginPageHeader(LoginPage.java:80)
at com.myPages.LoginPage.getLoginPageHeader(LoginPage.java:80)
at com.myPages.LoginPage.getLoginPageHeader(LoginPage.java:80)
at com.myPages.LoginPage.getLoginPageHeader(LoginPage.java:80)
at com.myPages.LoginPage.getLoginPageHeader(LoginPage.java:80)
at com.myPages.LoginPage.getLoginPageHeader(LoginPage.java:80)
at com.myPages.LoginPage.getLoginPageHeader(LoginPage.java:80)
at com.myPages.LoginPage.getLoginPageHeader(LoginPage.java:80)
at com.myPages.LoginPage.getLoginPageHeader(LoginPage.java:80)
at com.myPages.LoginPage.getLoginPageHeader(LoginPage.java:80)
at com.myPages.LoginPage.getLoginPageHeader(LoginPage.java:80)
at com.myPages.LoginPage.getLoginPageHeader(LoginPage.java:80)
at com.myPages.LoginPage.getLoginPageHeader(LoginPage.java:80)
at com.myPages.LoginPage.getLoginPageHeader(LoginPage.java:80)
at com.myPages.LoginPage.getLoginPageHeader(LoginPage.java:80)
at com.myPages.LoginPage.getLoginPageHeader(LoginPage.java:80)
at com.myPages.LoginPage.getLoginPageHeader(LoginPage.java:80)
at com.myPages.LoginPage.getLoginPageHeader(LoginPage.java:80)
at com.myPages.LoginPage.getLoginPageHeader(LoginPage.java:80)
at com.myPages.LoginPage.getLoginPageHeader(LoginPage.java:80)
at com.myPages.LoginPage.getLoginPageHeader(LoginPage.java:80)
at com.myPages.LoginPage.getLoginPageHeader(LoginPage.java:80)
at com.myPages.LoginPage.getLoginPageHeader(LoginPage.java:80)
at com.myPages.LoginPage.getLoginPageHeader(LoginPage.java:80)
at com.myPages.LoginPage.getLoginPageHeader(LoginPage.java:80)
at com.myPages.LoginPage.getLoginPageHeader(LoginPage.java:80)
at com.myPages.LoginPage.getLoginPageHeader(LoginPage.java:80)
at com.myPages.LoginPage.getLoginPageHeader(LoginPage.java:80)
at com.myPages.LoginPage.getLoginPageHeader(LoginPage.java:80)
at com.myPages.LoginPage.getLoginPageHeader(LoginPage.java:80)
at com.myPages.LoginPage.getLoginPageHeader(LoginPage.java:80)
at com.myPages.LoginPage.getLoginPageHeader(LoginPage.java:80)
at com.myPages.LoginPage.getLoginPageHeader(LoginPage.java:80)
at com.myPages.LoginPage.getLoginPageHeader(LoginPage.java:80)
at com.myPages.LoginPage.getLoginPageHeader(LoginPage.java:80)
at com.myPages.LoginPage.getLoginPageHeader(LoginPage.java:80)
at com.myPages.LoginPage.getLoginPageHeader(LoginPage.java:80)
at com.myPages.LoginPage.getLoginPageHeader(LoginPage.java:80)
at com.myPages.LoginPage.getLoginPageHeader(LoginPage.java:80)
at com.myPages.LoginPage.getLoginPageHeader(LoginPage.java:80)
at com.myPages.LoginPage.getLoginPageHeader(LoginPage.java:80)
at com.myPages.LoginPage.getLoginPageHeader(LoginPage.java:80)
at com.myPages.LoginPage.getLoginPageHeader(LoginPage.java:80)
at com.myPages.LoginPage.getLoginPageHeader(LoginPage.java:80)
at com.myPages.LoginPage.getLoginPageHeader(LoginPage.java:80)
at com.myPages.LoginPage.getLoginPageHeader(LoginPage.java:80)
at com.myPages.LoginPage.getLoginPageHeader(LoginPage.java:80)
at com.myPages.LoginPage.getLoginPageHeader(LoginPage.java:80)
at com.myPages.LoginPage.getLoginPageHeader(LoginPage.java:80)
at com.myPages.LoginPage.getLoginPageHeader(LoginPage.java:80)
at com.myPages.LoginPage.getLoginPageHeader(LoginPage.java:80)
at com.myPages.LoginPage.getLoginPageHeader(LoginPage.java:80)
at com.myPages.LoginPage.getLoginPageHeader(LoginPage.java:80)
at com.myPages.LoginPage.getLoginPageHeader(LoginPage.java:80)
at com.myPages.LoginPage.getLoginPageHeader(LoginPage.java:80)
at com.myPages.LoginPage.getLoginPageHeader(LoginPage.java:80)
at com.myPages.LoginPage.getLoginPageHeader(LoginPage.java:80)
at com.myPages.LoginPage.getLoginPageHeader(LoginPage.java:80)
at com.myPages.LoginPage.getLoginPageHeader(LoginPage.java:80)
at com.myPages.LoginPage.getLoginPageHeader(LoginPage.java:80)
at com.myPages.LoginPage.getLoginPageHeader(LoginPage.java:80)
at com.myPages.LoginPage.getLoginPageHeader(LoginPage.java:80)
at com.myPages.LoginPage.getLoginPageHeader(LoginPage.java:80)
at com.myPages.LoginPage.getLoginPageHeader(LoginPage.java:80)
at com.myPages.LoginPage.getLoginPageHeader(LoginPage.java:80)
at com.myPages.LoginPage.getLoginPageHeader(LoginPage.java:80)
at com.myPages.LoginPage.getLoginPageHeader(LoginPage.java:80)
at com.myPages.LoginPage.getLoginPageHeader(LoginPage.java:80)
at com.myPages.LoginPage.getLoginPageHeader(LoginPage.java:80)
at com.myPages.LoginPage.getLoginPageHeader(LoginPage.java:80)
at com.myPages.LoginPage.getLoginPageHeader(LoginPage.java:80)
at com.myPages.LoginPage.getLoginPageHeader(LoginPage.java:80)
at com.myPages.LoginPage.getLoginPageHeader(LoginPage.java:80)
at com.myPages.LoginPage.getLoginPageHeader(LoginPage.java:80)
at com.myPages.LoginPage.getLoginPageHeader(LoginPage.java:80)
at com.myPages.LoginPage.getLoginPageHeader(LoginPage.java:80)
at com.myPages.LoginPage.getLoginPageHeader(LoginPage.java:80)
at com.myPages.LoginPage.getLoginPageHeader(LoginPage.java:80)
at com.myPages.LoginPage.getLoginPageHeader(LoginPage.java:80)
at com.myPages.LoginPage.getLoginPageHeader(LoginPage.java:80)
at com.myPages.LoginPage.getLoginPageHeader(LoginPage.java:80)
at com.myPages.LoginPage.getLoginPageHeader(LoginPage.java:80)
at com.myPages.LoginPage.getLoginPageHeader(LoginPage.java:80)
at com.myPages.LoginPage.getLoginPageHeader(LoginPage.java:80)
at com.myPages.LoginPage.getLoginPageHeader(LoginPage.java:80)
at com.myPages.LoginPage.getLoginPageHeader(LoginPage.java:80)
at com.myPages.LoginPage.getLoginPageHeader(LoginPage.java:80)
at com.myPages.LoginPage.getLoginPageHeader(LoginPage.java:80)
at com.myPages.LoginPage.getLoginPageHeader(LoginPage.java:80)
at com.myPages.LoginPage.getLoginPageHeader(LoginPage.java:80)
at com.myPages.LoginPage.getLoginPageHeader(LoginPage.java:80)
at com.myPages.LoginPage.getLoginPageHeader(LoginPage.java:80)
at com.myPages.LoginPage.getLoginPageHeader(LoginPage.java:80)
at com.myPages.LoginPage.getLoginPageHeader(LoginPage.java:80)
at com.myPages.LoginPage.getLoginPageHeader(LoginPage.java:80)
at com.myPages.LoginPage.getLoginPageHeader(LoginPage.java:80)
at com.myPages.LoginPage.getLoginPageHeader(LoginPage.java:80)
at com.myPages.LoginPage.getLoginPageHeader(LoginPage.java:80)
at com.myPages.LoginPage.getLoginPageHeader(LoginPage.java:80)
at com.myPages.LoginPage.getLoginPageHeader(LoginPage.java:80)
at com.myPages.LoginPage.getLoginPageHeader(LoginPage.java:80)
at com.myPages.LoginPage.getLoginPageHeader(LoginPage.java:80)
at com.myPages.LoginPage.getLoginPageHeader(LoginPage.java:80)
at com.myPages.LoginPage.getLoginPageHeader(LoginPage.java:80)
at com.myPages.LoginPage.getLoginPageHeader(LoginPage.java:80)
at com.myPages.LoginPage.getLoginPageHeader(LoginPage.java:80)
at com.myPages.LoginPage.getLoginPageHeader(LoginPage.java:80)
at com.myPages.LoginPage.getLoginPageHeader(LoginPage.java:80)
at com.myPages.LoginPage.getLoginPageHeader(LoginPage.java:80)
at com.myPages.LoginPage.getLoginPageHeader(LoginPage.java:80)
at com.myPages.LoginPage.getLoginPageHeader(LoginPage.java:80)
at com.myPages.LoginPage.getLoginPageHeader(LoginPage.java:80)
at com.myPages.LoginPage.getLoginPageHeader(LoginPage.java:80)
at com.myPages.LoginPage.getLoginPageHeader(LoginPage.java:80)
at com.myPages.LoginPage.getLoginPageHeader(LoginPage.java:80)
at com.myPages.LoginPage.getLoginPageHeader(LoginPage.java:80)
at com.myPages.LoginPage.getLoginPageHeader(LoginPage.java:80)
at com.myPages.LoginPage.getLoginPageHeader(LoginPage.java:80)
at com.myPages.LoginPage.getLoginPageHeader(LoginPage.java:80)
at com.myPages.LoginPage.getLoginPageHeader(LoginPage.java:80)
at com.myPages.LoginPage.getLoginPageHeader(LoginPage.java:80)
at com.myPages.LoginPage.getLoginPageHeader(LoginPage.java:80)
at com.myPages.LoginPage.getLoginPageHeader(LoginPage.java:80)
at com.myPages.LoginPage.getLoginPageHeader(LoginPage.java:80)
at com.myPages.LoginPage.getLoginPageHeader(LoginPage.java:80)
at com.myPages.LoginPage.getLoginPageHeader(LoginPage.java:80)
at com.myPages.LoginPage.getLoginPageHeader(LoginPage.java:80)
at com.myPages.LoginPage.getLoginPageHeader(LoginPage.java:80)
at com.myPages.LoginPage.getLoginPageHeader(LoginPage.java:80)
at com.myPages.LoginPage.getLoginPageHeader(LoginPage.java:80)
at com.myPages.LoginPage.getLoginPageHeader(LoginPage.java:80)
at com.myPages.LoginPage.getLoginPageHeader(LoginPage.java:80)
at com.myPages.LoginPage.getLoginPageHeader(LoginPage.java:80)
at com.myPages.LoginPage.getLoginPageHeader(LoginPage.java:80)
at com.myPages.LoginPage.getLoginPageHeader(LoginPage.java:80)
at com.myPages.LoginPage.getLoginPageHeader(LoginPage.java:80)
at com.myPages.LoginPage.getLoginPageHeader(LoginPage.java:80)
at com.myPages.LoginPage.getLoginPageHeader(LoginPage.java:80)
at com.myPages.LoginPage.getLoginPageHeader(LoginPage.java:80)
at com.myPages.LoginPage.getLoginPageHeader(LoginPage.java:80)
at com.myPages.LoginPage.getLoginPageHeader(LoginPage.java:80)
at com.myPages.LoginPage.getLoginPageHeader(LoginPage.java:80)
at com.myPages.LoginPage.getLoginPageHeader(LoginPage.java:80)
at com.myPages.LoginPage.getLoginPageHeader(LoginPage.java:80)
at com.myPages.LoginPage.getLoginPageHeader(LoginPage.java:80)
at com.myPages.LoginPage.getLoginPageHeader(LoginPage.java:80)
at com.myPages.LoginPage.getLoginPageHeader(LoginPage.java:80)
at com.myPages.LoginPage.getLoginPageHeader(LoginPage.java:80)
at com.myPages.LoginPage.getLoginPageHeader(LoginPage.java:80)
at com.myPages.LoginPage.getLoginPageHeader(LoginPage.java:80)
at com.myPages.LoginPage.getLoginPageHeader(LoginPage.java:80)
at com.myPages.LoginPage.getLoginPageHeader(LoginPage.java:80)
at com.myPages.LoginPage.getLoginPageHeader(LoginPage.java:80)
at com.myPages.LoginPage.getLoginPageHeader(LoginPage.java:80)
at com.myPages.LoginPage.getLoginPageHeader(LoginPage.java:80)
at com.myPages.LoginPage.getLoginPageHeader(LoginPage.java:80)
at com.myPages.LoginPage.getLoginPageHeader(LoginPage.java:80)
at com.myPages.LoginPage.getLoginPageHeader(LoginPage.java:80)
at com.myPages.LoginPage.getLoginPageHeader(LoginPage.java:80)
at com.myPages.LoginPage.getLoginPageHeader(LoginPage.java:80)
at com.myPages.LoginPage.getLoginPageHeader(LoginPage.java:80)
at com.myPages.LoginPage.getLoginPageHeader(LoginPage.java:80)
at com.myPages.LoginPage.getLoginPageHeader(LoginPage.java:80)
at com.myPages.LoginPage.getLoginPageHeader(LoginPage.java:80)
at com.myPages.LoginPage.getLoginPageHeader(LoginPage.java:80)
at com.myPages.LoginPage.getLoginPageHeader(LoginPage.java:80)
at com.myPages.LoginPage.getLoginPageHeader(LoginPage.java:80)
at com.myPages.LoginPage.getLoginPageHeader(LoginPage.java:80)
at com.myPages.LoginPage.getLoginPageHeader(LoginPage.java:80)
at com.myPages.LoginPage.getLoginPageHeader(LoginPage.java:80)
at com.myPages.LoginPage.getLoginPageHeader(LoginPage.java:80)
at com.myPages.LoginPage.getLoginPageHeader(LoginPage.java:80)
at com.myPages.LoginPage.getLoginPageHeader(LoginPage.java:80)
at com.myPages.LoginPage.getLoginPageHeader(LoginPage.java:80)
at com.myPages.LoginPage.getLoginPageHeader(LoginPage.java:80)
at com.myPages.LoginPage.getLoginPageHeader(LoginPage.java:80)
at com.myPages.LoginPage.getLoginPageHeader(LoginPage.java:80)
at com.myPages.LoginPage.getLoginPageHeader(LoginPage.java:80)
at com.myPages.LoginPage.getLoginPageHeader(LoginPage.java:80)
at com.myPages.LoginPage.getLoginPageHeader(LoginPage.java:80)
at com.myPages.LoginPage.getLoginPageHeader(LoginPage.java:80)
at com.myPages.LoginPage.getLoginPageHeader(LoginPage.java:80)
at com.myPages.LoginPage.getLoginPageHeader(LoginPage.java:80)
at com.myPages.LoginPage.getLoginPageHeader(LoginPage.java:80)
at com.myPages.LoginPage.getLoginPageHeader(LoginPage.java:80)
at com.myPages.LoginPage.getLoginPageHeader(LoginPage.java:80)
at com.myPages.LoginPage.getLoginPageHeader(LoginPage.java:80)
at com.myPages.LoginPage.getLoginPageHeader(LoginPage.java:80)
at com.myPages.LoginPage.getLoginPageHeader(LoginPage.java:80)
at com.myPages.LoginPage.getLoginPageHeader(LoginPage.java:80)
at com.myPages.LoginPage.getLoginPageHeader(LoginPage.java:80)
at com.myPages.LoginPage.getLoginPageHeader(LoginPage.java:80)
at com.myPages.LoginPage.getLoginPageHeader(LoginPage.java:80)
at com.myPages.LoginPage.getLoginPageHeader(LoginPage.java:80)
at com.myPages.LoginPage.getLoginPageHeader(LoginPage.java:80)
at com.myPages.LoginPage.getLoginPageHeader(LoginPage.java:80)
at com.myPages.LoginPage.getLoginPageHeader(LoginPage.java:80)
at com.myPages.LoginPage.getLoginPageHeader(LoginPage.java:80)
at com.myPages.LoginPage.getLoginPageHeader(LoginPage.java:80)
at com.myPages.LoginPage.getLoginPageHeader(LoginPage.java:80)
at com.myPages.LoginPage.getLoginPageHeader(LoginPage.java:80)
at com.myPages.LoginPage.getLoginPageHeader(LoginPage.java:80)
at com.myPages.LoginPage.getLoginPageHeader(LoginPage.java:80)
at com.myPages.LoginPage.getLoginPageHeader(LoginPage.java:80)
at com.myPages.LoginPage.getLoginPageHeader(LoginPage.java:80)
at com.myPages.LoginPage.getLoginPageHeader(LoginPage.java:80)
at com.myPages.LoginPage.getLoginPageHeader(LoginPage.java:80)
at com.myPages.LoginPage.getLoginPageHeader(LoginPage.java:80)
at com.myPages.LoginPage.getLoginPageHeader(LoginPage.java:80)
at com.myPages.LoginPage.getLoginPageHeader(LoginPage.java:80)
at com.myPages.LoginPage.getLoginPageHeader(LoginPage.java:80)
at com.myPages.LoginPage.getLoginPageHeader(LoginPage.java:80)
at com.myPages.LoginPage.getLoginPageHeader(LoginPage.java:80)
at com.myPages.LoginPage.getLoginPageHeader(LoginPage.java:80)
at com.myPages.LoginPage.getLoginPageHeader(LoginPage.java:80)
at com.myPages.LoginPage.getLoginPageHeader(LoginPage.java:80)
at com.myPages.LoginPage.getLoginPageHeader(LoginPage.java:80)
at com.myPages.LoginPage.getLoginPageHeader(LoginPage.java:80)
at com.myPages.LoginPage.getLoginPageHeader(LoginPage.java:80)
at com.myPages.LoginPage.getLoginPageHeader(LoginPage.java:80)
at com.myPages.LoginPage.getLoginPageHeader(LoginPage.java:80)
at com.myPages.LoginPage.getLoginPageHeader(LoginPage.java:80)
at com.myPages.LoginPage.getLoginPageHeader(LoginPage.java:80)
at com.myPages.LoginPage.getLoginPageHeader(LoginPage.java:80)
at com.myPages.LoginPage.getLoginPageHeader(LoginPage.java:80)
at com.myPages.LoginPage.getLoginPageHeader(LoginPage.java:80)
at com.myPages.LoginPage.getLoginPageHeader(LoginPage.java:80)
at com.myPages.LoginPage.getLoginPageHeader(LoginPage.java:80)
at com.myPages.LoginPage.getLoginPageHeader(LoginPage.java:80)
at com.myPages.LoginPage.getLoginPageHeader(LoginPage.java:80)
at com.myPages.LoginPage.getLoginPageHeader(LoginPage.java:80)
at com.myPages.LoginPage.getLoginPageHeader(LoginPage.java:80)
at com.myPages.LoginPage.getLoginPageHeader(LoginPage.java:80)
at com.myPages.LoginPage.getLoginPageHeader(LoginPage.java:80)
at com.myPages.LoginPage.getLoginPageHeader(LoginPage.java:80)
at com.myPages.LoginPage.getLoginPageHeader(LoginPage.java:80)
at com.myPages.LoginPage.getLoginPageHeader(LoginPage.java:80)
at com.myPages.LoginPage.getLoginPageHeader(LoginPage.java:80)
at com.myPages.LoginPage.getLoginPageHeader(LoginPage.java:80)
at com.myPages.LoginPage.getLoginPageHeader(LoginPage.java:80)
at com.myPages.LoginPage.getLoginPageHeader(LoginPage.java:80)
at com.myPages.LoginPage.getLoginPageHeader(LoginPage.java:80)
at com.myPages.LoginPage.getLoginPageHeader(LoginPage.java:80)
at com.myPages.LoginPage.getLoginPageHeader(LoginPage.java:80)
at com.myPages.LoginPage.getLoginPageHeader(LoginPage.java:80)
at com.myPages.LoginPage.getLoginPageHeader(LoginPage.java:80)
at com.myPages.LoginPage.getLoginPageHeader(LoginPage.java:80)
at com.myPages.LoginPage.getLoginPageHeader(LoginPage.java:80)
at com.myPages.LoginPage.getLoginPageHeader(LoginPage.java:80)
at com.myPages.LoginPage.getLoginPageHeader(LoginPage.java:80)
at com.myPages.LoginPage.getLoginPageHeader(LoginPage.java:80)
at com.myPages.LoginPage.getLoginPageHeader(LoginPage.java:80)
at com.myPages.LoginPage.getLoginPageHeader(LoginPage.java:80)
at com.myPages.LoginPage.getLoginPageHeader(LoginPage.java:80)
at com.myPages.LoginPage.getLoginPageHeader(LoginPage.java:80)
at com.myPages.LoginPage.getLoginPageHeader(LoginPage.java:80)
at com.myPages.LoginPage.getLoginPageHeader(LoginPage.java:80)
at com.myPages.LoginPage.getLoginPageHeader(LoginPage.java:80)
at com.myPages.LoginPage.getLoginPageHeader(LoginPage.java:80)
at com.myPages.LoginPage.getLoginPageHeader(LoginPage.java:80)
at com.myPages.LoginPage.getLoginPageHeader(LoginPage.java:80)
at com.myPages.LoginPage.getLoginPageHeader(LoginPage.java:80)
at com.myPages.LoginPage.getLoginPageHeader(LoginPage.java:80)
at com.myPages.LoginPage.getLoginPageHeader(LoginPage.java:80)
at com.myPages.LoginPage.getLoginPageHeader(LoginPage.java:80)
at com.myPages.LoginPage.getLoginPageHeader(LoginPage.java:80)
at com.myPages.LoginPage.getLoginPageHeader(LoginPage.java:80)
at com.myPages.LoginPage.getLoginPageHeader(LoginPage.java:80)
at com.myPages.LoginPage.getLoginPageHeader(LoginPage.java:80)
at com.myPages.LoginPage.getLoginPageHeader(LoginPage.java:80)
at com.myPages.LoginPage.getLoginPageHeader(LoginPage.java:80)
at com.myPages.LoginPage.getLoginPageHeader(LoginPage.java:80)
at com.myPages.LoginPage.getLoginPageHeader(LoginPage.java:80)
at com.myPages.LoginPage.getLoginPageHeader(LoginPage.java:80)
at com.myPages.LoginPage.getLoginPageHeader(LoginPage.java:80)
at com.myPages.LoginPage.getLoginPageHeader(LoginPage.java:80)
at com.myPages.LoginPage.getLoginPageHeader(LoginPage.java:80)
at com.myPages.LoginPage.getLoginPageHeader(LoginPage.java:80)
at com.myPages.LoginPage.getLoginPageHeader(LoginPage.java:80)
at com.myPages.LoginPage.getLoginPageHeader(LoginPage.java:80)
at com.myPages.LoginPage.getLoginPageHeader(LoginPage.java:80)
at com.myPages.LoginPage.getLoginPageHeader(LoginPage.java:80)
at com.myPages.LoginPage.getLoginPageHeader(LoginPage.java:80)
at com.myPages.LoginPage.getLoginPageHeader(LoginPage.java:80)
at com.myPages.LoginPage.getLoginPageHeader(LoginPage.java:80)
at com.myPages.LoginPage.getLoginPageHeader(LoginPage.java:80)
at com.myPages.LoginPage.getLoginPageHeader(LoginPage.java:80)
at com.myPages.LoginPage.getLoginPageHeader(LoginPage.java:80)
at com.myPages.LoginPage.getLoginPageHeader(LoginPage.java:80)
at com.myPages.LoginPage.getLoginPageHeader(LoginPage.java:80)
at com.myPages.LoginPage.getLoginPageHeader(LoginPage.java:80)
at com.myPages.LoginPage.getLoginPageHeader(LoginPage.java:80)
at com.myPages.LoginPage.getLoginPageHeader(LoginPage.java:80)
at com.myPages.LoginPage.getLoginPageHeader(LoginPage.java:80)
at com.myPages.LoginPage.getLoginPageHeader(LoginPage.java:80)
at com.myPages.LoginPage.getLoginPageHeader(LoginPage.java:80)
at com.myPages.LoginPage.getLoginPageHeader(LoginPage.java:80)
at com.myPages.LoginPage.getLoginPageHeader(LoginPage.java:80)
at com.myPages.LoginPage.getLoginPageHeader(LoginPage.java:80)
at com.myPages.LoginPage.getLoginPageHeader(LoginPage.java:80)
at com.myPages.LoginPage.getLoginPageHeader(LoginPage.java:80)
at com.myPages.LoginPage.getLoginPageHeader(LoginPage.java:80)
at com.myPages.LoginPage.getLoginPageHeader(LoginPage.java:80)
at com.myPages.LoginPage.getLoginPageHeader(LoginPage.java:80)
at com.myPages.LoginPage.getLoginPageHeader(LoginPage.java:80)
at com.myPages.LoginPage.getLoginPageHeader(LoginPage.java:80)
at com.myPages.LoginPage.getLoginPageHeader(LoginPage.java:80)
at com.myPages.LoginPage.getLoginPageHeader(LoginPage.java:80)
at com.myPages.LoginPage.getLoginPageHeader(LoginPage.java:80)
at com.myPages.LoginPage.getLoginPageHeader(LoginPage.java:80)
at com.myPages.LoginPage.getLoginPageHeader(LoginPage.java:80)
at com.myPages.LoginPage.getLoginPageHeader(LoginPage.java:80)
at com.myPages.LoginPage.getLoginPageHeader(LoginPage.java:80)
at com.myPages.LoginPage.getLoginPageHeader(LoginPage.java:80)
at com.myPages.LoginPage.getLoginPageHeader(LoginPage.java:80)
at com.myPages.LoginPage.getLoginPageHeader(LoginPage.java:80)
at com.myPages.LoginPage.getLoginPageHeader(LoginPage.java:80)
at com.myPages.LoginPage.getLoginPageHeader(LoginPage.java:80)
at com.myPages.LoginPage.getLoginPageHeader(LoginPage.java:80)
at com.myPages.LoginPage.getLoginPageHeader(LoginPage.java:80)
at com.myPages.LoginPage.getLoginPageHeader(LoginPage.java:80)
at com.myPages.LoginPage.getLoginPageHeader(LoginPage.java:80)
at com.myPages.LoginPage.getLoginPageHeader(LoginPage.java:80)
at com.myPages.LoginPage.getLoginPageHeader(LoginPage.java:80)
at com.myPages.LoginPage.getLoginPageHeader(LoginPage.java:80)
at com.myPages.LoginPage.getLoginPageHeader(LoginPage.java:80)
at com.myPages.LoginPage.getLoginPageHeader(LoginPage.java:80)
at com.myPages.LoginPage.getLoginPageHeader(LoginPage.java:80)
at com.myPages.LoginPage.getLoginPageHeader(LoginPage.java:80)
at com.myPages.LoginPage.getLoginPageHeader(LoginPage.java:80)
at com.myPages.LoginPage.getLoginPageHeader(LoginPage.java:80)
at com.myPages.LoginPage.getLoginPageHeader(LoginPage.java:80)
at com.myPages.LoginPage.getLoginPageHeader(LoginPage.java:80)
at com.myPages.LoginPage.getLoginPageHeader(LoginPage.java:80)
at com.myPages.LoginPage.getLoginPageHeader(LoginPage.java:80)
at com.myPages.LoginPage.getLoginPageHeader(LoginPage.java:80)
at com.myPages.LoginPage.getLoginPageHeader(LoginPage.java:80)
at com.myPages.LoginPage.getLoginPageHeader(LoginPage.java:80)
at com.myPages.LoginPage.getLoginPageHeader(LoginPage.java:80)
at com.myPages.LoginPage.getLoginPageHeader(LoginPage.java:80)
at com.myPages.LoginPage.getLoginPageHeader(LoginPage.java:80)
at com.myPages.LoginPage.getLoginPageHeader(LoginPage.java:80)
at com.myPages.LoginPage.getLoginPageHeader(LoginPage.java:80)
at com.myPages.LoginPage.getLoginPageHeader(LoginPage.java:80)
at com.myPages.LoginPage.getLoginPageHeader(LoginPage.java:80)
at com.myPages.LoginPage.getLoginPageHeader(LoginPage.java:80)
at com.myPages.LoginPage.getLoginPageHeader(LoginPage.java:80)
at com.myPages.LoginPage.getLoginPageHeader(LoginPage.java:80)
at com.myPages.LoginPage.getLoginPageHeader(LoginPage.java:80)
at com.myPages.LoginPage.getLoginPageHeader(LoginPage.java:80)
at com.myPages.LoginPage.getLoginPageHeader(LoginPage.java:80)
at com.myPages.LoginPage.getLoginPageHeader(LoginPage.java:80)
at com.myPages.LoginPage.getLoginPageHeader(LoginPage.java:80)
at com.myPages.LoginPage.getLoginPageHeader(LoginPage.java:80)
at com.myPages.LoginPage.getLoginPageHeader(LoginPage.java:80)
at com.myPages.LoginPage.getLoginPageHeader(LoginPage.java:80)
at com.myPages.LoginPage.getLoginPageHeader(LoginPage.java:80)
at com.myPages.LoginPage.getLoginPageHeader(LoginPage.java:80)
at com.myPages.LoginPage.getLoginPageHeader(LoginPage.java:80)
at com.myPages.LoginPage.getLoginPageHeader(LoginPage.java:80)
at com.myPages.LoginPage.getLoginPageHeader(LoginPage.java:80)
at com.myPages.LoginPage.getLoginPageHeader(LoginPage.java:80)
at com.myPages.LoginPage.getLoginPageHeader(LoginPage.java:80)
at com.myPages.LoginPage.getLoginPageHeader(LoginPage.java:80)
at com.myPages.LoginPage.getLoginPageHeader(LoginPage.java:80)
at com.myPages.LoginPage.getLoginPageHeader(LoginPage.java:80)
at com.myPages.LoginPage.getLoginPageHeader(LoginPage.java:80)
at com.myPages.LoginPage.getLoginPageHeader(LoginPage.java:80)
at com.myPages.LoginPage.getLoginPageHeader(LoginPage.java:80)
at com.myPages.LoginPage.getLoginPageHeader(LoginPage.java:80)
at com.myPages.LoginPage.getLoginPageHeader(LoginPage.java:80)
at com.myPages.LoginPage.getLoginPageHeader(LoginPage.java:80)
at com.myPages.LoginPage.getLoginPageHeader(LoginPage.java:80)
at com.myPages.LoginPage.getLoginPageHeader(LoginPage.java:80)
at com.myPages.LoginPage.getLoginPageHeader(LoginPage.java:80)
at com.myPages.LoginPage.getLoginPageHeader(LoginPage.java:80)
at com.myPages.LoginPage.getLoginPageHeader(LoginPage.java:80)
at com.myPages.LoginPage.getLoginPageHeader(LoginPage.java:80)
at com.myPages.LoginPage.getLoginPageHeader(LoginPage.java:80)
at com.myPages.LoginPage.getLoginPageHeader(LoginPage.java:80)
at com.myPages.LoginPage.getLoginPageHeader(LoginPage.java:80)
at com.myPages.LoginPage.getLoginPageHeader(LoginPage.java:80)
at com.myPages.LoginPage.getLoginPageHeader(LoginPage.java:80)
at com.myPages.LoginPage.getLoginPageHeader(LoginPage.java:80)
at com.myPages.LoginPage.getLoginPageHeader(LoginPage.java:80)
at com.myPages.LoginPage.getLoginPageHeader(LoginPage.java:80)
at com.myPages.LoginPage.getLoginPageHeader(LoginPage.java:80)
at com.myPages.LoginPage.getLoginPageHeader(LoginPage.java:80)
at com.myPages.LoginPage.getLoginPageHeader(LoginPage.java:80)
at com.myPages.LoginPage.getLoginPageHeader(LoginPage.java:80)
at com.myPages.LoginPage.getLoginPageHeader(LoginPage.java:80)
at com.myPages.LoginPage.getLoginPageHeader(LoginPage.java:80)
at com.myPages.LoginPage.getLoginPageHeader(LoginPage.java:80)
at com.myPages.LoginPage.getLoginPageHeader(LoginPage.java:80)
at com.myPages.LoginPage.getLoginPageHeader(LoginPage.java:80)
at com.myPages.LoginPage.getLoginPageHeader(LoginPage.java:80)
at com.myPages.LoginPage.getLoginPageHeader(LoginPage.java:80)
at com.myPages.LoginPage.getLoginPageHeader(LoginPage.java:80)
at com.myPages.LoginPage.getLoginPageHeader(LoginPage.java:80)
at com.myPages.LoginPage.getLoginPageHeader(LoginPage.java:80)
at com.myPages.LoginPage.getLoginPageHeader(LoginPage.java:80)
at com.myPages.LoginPage.getLoginPageHeader(LoginPage.java:80)
at com.myPages.LoginPage.getLoginPageHeader(LoginPage.java:80)
at com.myPages.LoginPage.getLoginPageHeader(LoginPage.java:80)
at com.myPages.LoginPage.getLoginPageHeader(LoginPage.java:80)
at com.myPages.LoginPage.getLoginPageHeader(LoginPage.java:80)
at com.myPages.LoginPage.getLoginPageHeader(LoginPage.java:80)
at com.myPages.LoginPage.getLoginPageHeader(LoginPage.java:80)
at com.myPages.LoginPage.getLoginPageHeader(LoginPage.java:80)
at com.myPages.LoginPage.getLoginPageHeader(LoginPage.java:80)
at com.myPages.LoginPage.getLoginPageHeader(LoginPage.java:80)
at com.myPages.LoginPage.getLoginPageHeader(LoginPage.java:80)
at com.myPages.LoginPage.getLoginPageHeader(LoginPage.java:80)
at com.myPages.LoginPage.getLoginPageHeader(LoginPage.java:80)
at com.myPages.LoginPage.getLoginPageHeader(LoginPage.java:80)
at com.myPages.LoginPage.getLoginPageHeader(LoginPage.java:80)
at com.myPages.LoginPage.getLoginPageHeader(LoginPage.java:80)
at com.myPages.LoginPage.getLoginPageHeader(LoginPage.java:80)
at com.myPages.LoginPage.getLoginPageHeader(LoginPage.java:80)
at com.myPages.LoginPage.getLoginPageHeader(LoginPage.java:80)
at com.myPages.LoginPage.getLoginPageHeader(LoginPage.java:80)
at com.myPages.LoginPage.getLoginPageHeader(LoginPage.java:80)
at com.myPages.LoginPage.getLoginPageHeader(LoginPage.java:80)
at com.myPages.LoginPage.getLoginPageHeader(LoginPage.java:80)
at com.myPages.LoginPage.getLoginPageHeader(LoginPage.java:80)
at com.myPages.LoginPage.getLoginPageHeader(LoginPage.java:80)
at com.myPages.LoginPage.getLoginPageHeader(LoginPage.java:80)
at com.myPages.LoginPage.getLoginPageHeader(LoginPage.java:80)
at com.myPages.LoginPage.getLoginPageHeader(LoginPage.java:80)
at com.myPages.LoginPage.getLoginPageHeader(LoginPage.java:80)
at com.myPages.LoginPage.getLoginPageHeader(LoginPage.java:80)
at com.myPages.LoginPage.getLoginPageHeader(LoginPage.java:80)
at com.myPages.LoginPage.getLoginPageHeader(LoginPage.java:80)
at com.myPages.LoginPage.getLoginPageHeader(LoginPage.java:80)
at com.myPages.LoginPage.getLoginPageHeader(LoginPage.java:80)
at com.myPages.LoginPage.getLoginPageHeader(LoginPage.java:80)
at com.myPages.LoginPage.getLoginPageHeader(LoginPage.java:80)
at com.myPages.LoginPage.getLoginPageHeader(LoginPage.java:80)
at com.myPages.LoginPage.getLoginPageHeader(LoginPage.java:80)
at com.myPages.LoginPage.getLoginPageHeader(LoginPage.java:80)
at com.myPages.LoginPage.getLoginPageHeader(LoginPage.java:80)
at com.myPages.LoginPage.getLoginPageHeader(LoginPage.java:80)
at com.myPages.LoginPage.getLoginPageHeader(LoginPage.java:80)
at com.myPages.LoginPage.getLoginPageHeader(LoginPage.java:80)
at com.myPages.LoginPage.getLoginPageHeader(LoginPage.java:80)
at com.myPages.LoginPage.getLoginPageHeader(LoginPage.java:80)
at com.myPages.LoginPage.getLoginPageHeader(LoginPage.java:80)
at com.myPages.LoginPage.getLoginPageHeader(LoginPage.java:80)
at com.myPages.LoginPage.getLoginPageHeader(LoginPage.java:80)
at com.myPages.LoginPage.getLoginPageHeader(LoginPage.java:80)
at com.myPages.LoginPage.getLoginPageHeader(LoginPage.java:80)
at com.myPages.LoginPage.getLoginPageHeader(LoginPage.java:80)
at com.myPages.LoginPage.getLoginPageHeader(LoginPage.java:80)
at com.myPages.LoginPage.getLoginPageHeader(LoginPage.java:80)
at com.myPages.LoginPage.getLoginPageHeader(LoginPage.java:80)
at com.myPages.LoginPage.getLoginPageHeader(LoginPage.java:80)
at com.myPages.LoginPage.getLoginPageHeader(LoginPage.java:80)
at com.myPages.LoginPage.getLoginPageHeader(LoginPage.java:80)
at com.myPages.LoginPage.getLoginPageHeader(LoginPage.java:80)
at com.myPages.LoginPage.getLoginPageHeader(LoginPage.java:80)
at com.myPages.LoginPage.getLoginPageHeader(LoginPage.java:80)
at com.myPages.LoginPage.getLoginPageHeader(LoginPage.java:80)
at com.myPages.LoginPage.getLoginPageHeader(LoginPage.java:80)
at com.myPages.LoginPage.getLoginPageHeader(LoginPage.java:80)
at com.myPages.LoginPage.getLoginPageHeader(LoginPage.java:80)
at com.myPages.LoginPage.getLoginPageHeader(LoginPage.java:80)
at com.myPages.LoginPage.getLoginPageHeader(LoginPage.java:80)
at com.myPages.LoginPage.getLoginPageHeader(LoginPage.java:80)
at com.myPages.LoginPage.getLoginPageHeader(LoginPage.java:80)
at com.myPages.LoginPage.getLoginPageHeader(LoginPage.java:80)
at com.myPages.LoginPage.getLoginPageHeader(LoginPage.java:80)
at com.myPages.LoginPage.getLoginPageHeader(LoginPage.java:80)
at com.myPages.LoginPage.getLoginPageHeader(LoginPage.java:80)
at com.myPages.LoginPage.getLoginPageHeader(LoginPage.java:80)
at com.myPages.LoginPage.getLoginPageHeader(LoginPage.java:80)
at com.myPages.LoginPage.getLoginPageHeader(LoginPage.java:80)
at com.myPages.LoginPage.getLoginPageHeader(LoginPage.java:80)
at com.myPages.LoginPage.getLoginPageHeader(LoginPage.java:80)
at com.myPages.LoginPage.getLoginPageHeader(LoginPage.java:80)
at com.myPages.LoginPage.getLoginPageHeader(LoginPage.java:80)
at com.myPages.LoginPage.getLoginPageHeader(LoginPage.java:80)
at com.myPages.LoginPage.getLoginPageHeader(LoginPage.java:80)
at com.myPages.LoginPage.getLoginPageHeader(LoginPage.java:80)
at com.myPages.LoginPage.getLoginPageHeader(LoginPage.java:80)
at com.myPages.LoginPage.getLoginPageHeader(LoginPage.java:80)
at com.myPages.LoginPage.getLoginPageHeader(LoginPage.java:80)
at com.myPages.LoginPage.getLoginPageHeader(LoginPage.java:80)
at com.myPages.LoginPage.getLoginPageHeader(LoginPage.java:80)
at com.myPages.LoginPage.getLoginPageHeader(LoginPage.java:80)
at com.myPages.LoginPage.getLoginPageHeader(LoginPage.java:80)
at com.myPages.LoginPage.getLoginPageHeader(LoginPage.java:80)
at com.myPages.LoginPage.getLoginPageHeader(LoginPage.java:80)
at com.myPages.LoginPage.getLoginPageHeader(LoginPage.java:80)
at com.myPages.LoginPage.getLoginPageHeader(LoginPage.java:80)
at com.myPages.LoginPage.getLoginPageHeader(LoginPage.java:80)
at com.myPages.LoginPage.getLoginPageHeader(LoginPage.java:80)
at com.myPages.LoginPage.getLoginPageHeader(LoginPage.java:80)
at com.myPages.LoginPage.getLoginPageHeader(LoginPage.java:80)
at com.myPages.LoginPage.getLoginPageHeader(LoginPage.java:80)
at com.myPages.LoginPage.getLoginPageHeader(LoginPage.java:80)
at com.myPages.LoginPage.getLoginPageHeader(LoginPage.java:80)
at com.myPages.LoginPage.getLoginPageHeader(LoginPage.java:80)
at com.myPages.LoginPage.getLoginPageHeader(LoginPage.java:80)
at com.myPages.LoginPage.getLoginPageHeader(LoginPage.java:80)
at com.myPages.LoginPage.getLoginPageHeader(LoginPage.java:80)
at com.myPages.LoginPage.getLoginPageHeader(LoginPage.java:80)
at com.myPages.LoginPage.getLoginPageHeader(LoginPage.java:80)
at com.myPages.LoginPage.getLoginPageHeader(LoginPage.java:80)
at com.myPages.LoginPage.getLoginPageHeader(LoginPage.java:80)
at com.myPages.LoginPage.getLoginPageHeader(LoginPage.java:80)
at com.myPages.LoginPage.getLoginPageHeader(LoginPage.java:80)
at com.myPages.LoginPage.getLoginPageHeader(LoginPage.java:80)
at com.myPages.LoginPage.getLoginPageHeader(LoginPage.java:80)
at com.myPages.LoginPage.getLoginPageHeader(LoginPage.java:80)
at com.myPages.LoginPage.getLoginPageHeader(LoginPage.java:80)
at com.myPages.LoginPage.getLoginPageHeader(LoginPage.java:80)
at com.myPages.LoginPage.getLoginPageHeader(LoginPage.java:80)
at com.myPages.LoginPage.getLoginPageHeader(LoginPage.java:80)
at com.myPages.LoginPage.getLoginPageHeader(LoginPage.java:80)
at com.myPages.LoginPage.getLoginPageHeader(LoginPage.java:80)
at com.myPages.LoginPage.getLoginPageHeader(LoginPage.java:80)
at com.myPages.LoginPage.getLoginPageHeader(LoginPage.java:80)
at com.myPages.LoginPage.getLoginPageHeader(LoginPage.java:80)
at com.myPages.LoginPage.getLoginPageHeader(LoginPage.java:80)
at com.myPages.LoginPage.getLoginPageHeader(LoginPage.java:80)
at com.myPages.LoginPage.getLoginPageHeader(LoginPage.java:80)
at com.myPages.LoginPage.getLoginPageHeader(LoginPage.java:80)
at com.myPages.LoginPage.getLoginPageHeader(LoginPage.java:80)
at com.myPages.LoginPage.getLoginPageHeader(LoginPage.java:80)
at com.myPages.LoginPage.getLoginPageHeader(LoginPage.java:80)
at com.myPages.LoginPage.getLoginPageHeader(LoginPage.java:80)
at com.myPages.LoginPage.getLoginPageHeader(LoginPage.java:80)
at com.myPages.LoginPage.getLoginPageHeader(LoginPage.java:80)
at com.myPages.LoginPage.getLoginPageHeader(LoginPage.java:80)
at com.myPages.LoginPage.getLoginPageHeader(LoginPage.java:80)
at com.myPages.LoginPage.getLoginPageHeader(LoginPage.java:80)
at com.myPages.LoginPage.getLoginPageHeader(LoginPage.java:80)
at com.myPages.LoginPage.getLoginPageHeader(LoginPage.java:80)
at com.myPages.LoginPage.getLoginPageHeader(LoginPage.java:80)
at com.myPages.LoginPage.getLoginPageHeader(LoginPage.java:80)
at com.myPages.LoginPage.getLoginPageHeader(LoginPage.java:80)
at com.myPages.LoginPage.getLoginPageHeader(LoginPage.java:80)
at com.myPages.LoginPage.getLoginPageHeader(LoginPage.java:80)
at com.myPages.LoginPage.getLoginPageHeader(LoginPage.java:80)
at com.myPages.LoginPage.getLoginPageHeader(LoginPage.java:80)
at com.myPages.LoginPage.getLoginPageHeader(LoginPage.java:80)
at com.myPages.LoginPage.getLoginPageHeader(LoginPage.java:80)
at com.myPages.LoginPage.getLoginPageHeader(LoginPage.java:80)
at com.myPages.LoginPage.getLoginPageHeader(LoginPage.java:80)
at com.myPages.LoginPage.getLoginPageHeader(LoginPage.java:80)
at com.myPages.LoginPage.getLoginPageHeader(LoginPage.java:80)
at com.myPages.LoginPage.getLoginPageHeader(LoginPage.java:80)
at com.myPages.LoginPage.getLoginPageHeader(LoginPage.java:80)
at com.myPages.LoginPage.getLoginPageHeader(LoginPage.java:80)
at com.myPages.LoginPage.getLoginPageHeader(LoginPage.java:80)
at com.myPages.LoginPage.getLoginPageHeader(LoginPage.java:80)
at com.myPages.LoginPage.getLoginPageHeader(LoginPage.java:80)
at com.myPages.LoginPage.getLoginPageHeader(LoginPage.java:80)
at com.myPages.LoginPage.getLoginPageHeader(LoginPage.java:80)
at com.myPages.LoginPage.getLoginPageHeader(LoginPage.java:80)
at com.myPages.LoginPage.getLoginPageHeader(LoginPage.java:80)
at com.myPages.LoginPage.getLoginPageHeader(LoginPage.java:80)
at com.myPages.LoginPage.getLoginPageHeader(LoginPage.java:80)
at com.myPages.LoginPage.getLoginPageHeader(LoginPage.java:80)
at com.myPages.LoginPage.getLoginPageHeader(LoginPage.java:80)
at com.myPages.LoginPage.getLoginPageHeader(LoginPage.java:80)
at com.myPages.LoginPage.getLoginPageHeader(LoginPage.java:80)
at com.myPages.LoginPage.getLoginPageHeader(LoginPage.java:80)
at com.myPages.LoginPage.getLoginPageHeader(LoginPage.java:80)
at com.myPages.LoginPage.getLoginPageHeader(LoginPage.java:80)
at com.myPages.LoginPage.getLoginPageHeader(LoginPage.java:80)
at com.myPages.LoginPage.getLoginPageHeader(LoginPage.java:80)
at com.myPages.LoginPage.getLoginPageHeader(LoginPage.java:80)
at com.myPages.LoginPage.getLoginPageHeader(LoginPage.java:80)
at com.myPages.LoginPage.getLoginPageHeader(LoginPage.java:80)
at com.myPages.LoginPage.getLoginPageHeader(LoginPage.java:80)
at com.myPages.LoginPage.getLoginPageHeader(LoginPage.java:80)
at com.myPages.LoginPage.getLoginPageHeader(LoginPage.java:80)
at com.myPages.LoginPage.getLoginPageHeader(LoginPage.java:80)
at com.myPages.LoginPage.getLoginPageHeader(LoginPage.java:80)
at com.myPages.LoginPage.getLoginPageHeader(LoginPage.java:80)
at com.myPages.LoginPage.getLoginPageHeader(LoginPage.java:80)
at com.myPages.LoginPage.getLoginPageHeader(LoginPage.java:80)
at com.myPages.LoginPage.getLoginPageHeader(LoginPage.java:80)
at com.myPages.LoginPage.getLoginPageHeader(LoginPage.java:80)
at com.myPages.LoginPage.getLoginPageHeader(LoginPage.java:80)
at com.myPages.LoginPage.getLoginPageHeader(LoginPage.java:80)
at com.myPages.LoginPage.getLoginPageHeader(LoginPage.java:80)
at com.myPages.LoginPage.getLoginPageHeader(LoginPage.java:80)
at com.myPages.LoginPage.getLoginPageHeader(LoginPage.java:80)
at com.myPages.LoginPage.getLoginPageHeader(LoginPage.java:80)
at com.myPages.LoginPage.getLoginPageHeader(LoginPage.java:80)
at com.myPages.LoginPage.getLoginPageHeader(LoginPage.java:80)
at com.myPages.LoginPage.getLoginPageHeader(LoginPage.java:80)
at com.myPages.LoginPage.getLoginPageHeader(LoginPage.java:80)
at com.myPages.LoginPage.getLoginPageHeader(LoginPage.java:80)
at com.myPages.LoginPage.getLoginPageHeader(LoginPage.java:80)
at com.myPages.LoginPage.getLoginPageHeader(LoginPage.java:80)
at com.myPages.LoginPage.getLoginPageHeader(LoginPage.java:80)
at com.myPages.LoginPage.getLoginPageHeader(LoginPage.java:80)
at com.myPages.LoginPage.getLoginPageHeader(LoginPage.java:80)
at com.myPages.LoginPage.getLoginPageHeader(LoginPage.java:80)
at com.myPages.LoginPage.getLoginPageHeader(LoginPage.java:80)
at com.myPages.LoginPage.getLoginPageHeader(LoginPage.java:80)
at com.myPages.LoginPage.getLoginPageHeader(LoginPage.java:80)
at com.myPages.LoginPage.getLoginPageHeader(LoginPage.java:80)
at com.myPages.LoginPage.getLoginPageHeader(LoginPage.java:80)
at com.myPages.LoginPage.getLoginPageHeader(LoginPage.java:80)
at com.myPages.LoginPage.getLoginPageHeader(LoginPage.java:80)
at com.myPages.LoginPage.getLoginPageHeader(LoginPage.java:80)
at com.myPages.LoginPage.getLoginPageHeader(LoginPage.java:80)
at com.myPages.LoginPage.getLoginPageHeader(LoginPage.java:80)
at com.myPages.LoginPage.getLoginPageHeader(LoginPage.java:80)
at com.myPages.LoginPage.getLoginPageHeader(LoginPage.java:80)
at com.myPages.LoginPage.getLoginPageHeader(LoginPage.java:80)
at com.myPages.LoginPage.getLoginPageHeader(LoginPage.java:80)
at com.myPages.LoginPage.getLoginPageHeader(LoginPage.java:80)
at com.myPages.LoginPage.getLoginPageHeader(LoginPage.java:80)
at com.myPages.LoginPage.getLoginPageHeader(LoginPage.java:80)
at com.myPages.LoginPage.getLoginPageHeader(LoginPage.java:80)
at com.myPages.LoginPage.getLoginPageHeader(LoginPage.java:80)
at com.myPages.LoginPage.getLoginPageHeader(LoginPage.java:80)
at com.myPages.LoginPage.getLoginPageHeader(LoginPage.java:80)
at com.myPages.LoginPage.getLoginPageHeader(LoginPage.java:80)
at com.myPages.LoginPage.getLoginPageHeader(LoginPage.java:80)
at com.myPages.LoginPage.getLoginPageHeader(LoginPage.java:80)
at com.myPages.LoginPage.getLoginPageHeader(LoginPage.java:80)
at com.myPages.LoginPage.getLoginPageHeader(LoginPage.java:80)
at com.myPages.LoginPage.getLoginPageHeader(LoginPage.java:80)
at com.myPages.LoginPage.getLoginPageHeader(LoginPage.java:80)
at com.myPages.LoginPage.getLoginPageHeader(LoginPage.java:80)
at com.myPages.LoginPage.getLoginPageHeader(LoginPage.java:80)
at com.myPages.LoginPage.getLoginPageHeader(LoginPage.java:80)
at com.myPages.LoginPage.getLoginPageHeader(LoginPage.java:80)
at com.myPages.LoginPage.getLoginPageHeader(LoginPage.java:80)
at com.myPages.LoginPage.getLoginPageHeader(LoginPage.java:80)
at com.myPages.LoginPage.getLoginPageHeader(LoginPage.java:80)
at com.myPages.LoginPage.getLoginPageHeader(LoginPage.java:80)
at com.myPages.LoginPage.getLoginPageHeader(LoginPage.java:80)
at com.myPages.LoginPage.getLoginPageHeader(LoginPage.java:80)
at com.myPages.LoginPage.getLoginPageHeader(LoginPage.java:80)
at com.myPages.LoginPage.getLoginPageHeader(LoginPage.java:80)
at com.myPages.LoginPage.getLoginPageHeader(LoginPage.java:80)
at com.myPages.LoginPage.getLoginPageHeader(LoginPage.java:80)
at com.myPages.LoginPage.getLoginPageHeader(LoginPage.java:80)
at com.myPages.LoginPage.getLoginPageHeader(LoginPage.java:80)
at com.myPages.LoginPage.getLoginPageHeader(LoginPage.java:80)
at com.myPages.LoginPage.getLoginPageHeader(LoginPage.java:80)
at com.myPages.LoginPage.getLoginPageHeader(LoginPage.java:80)
at com.myPages.LoginPage.getLoginPageHeader(LoginPage.java:80)
at com.myPages.LoginPage.getLoginPageHeader(LoginPage.java:80)
at com.myPages.LoginPage.getLoginPageHeader(LoginPage.java:80)
at com.myPages.LoginPage.getLoginPageHeader(LoginPage.java:80)
at com.myPages.LoginPage.getLoginPageHeader(LoginPage.java:80)
at com.myPages.LoginPage.getLoginPageHeader(LoginPage.java:80)
at com.myPages.LoginPage.getLoginPageHeader(LoginPage.java:80)
at com.myPages.LoginPage.getLoginPageHeader(LoginPage.java:80)
at com.myPages.LoginPage.getLoginPageHeader(LoginPage.java:80)
at com.myPages.LoginPage.getLoginPageHeader(LoginPage.java:80)
at com.myPages.LoginPage.getLoginPageHeader(LoginPage.java:80)
at com.myPages.LoginPage.getLoginPageHeader(LoginPage.java:80)
at com.myPages.LoginPage.getLoginPageHeader(LoginPage.java:80)
at com.myPages.LoginPage.getLoginPageHeader(LoginPage.java:80)
at com.myPages.LoginPage.getLoginPageHeader(LoginPage.java:80)
at com.myPages.LoginPage.getLoginPageHeader(LoginPage.java:80)
at com.myPages.LoginPage.getLoginPageHeader(LoginPage.java:80)
at com.myPages.LoginPage.getLoginPageHeader(LoginPage.java:80)
at com.myPages.LoginPage.getLoginPageHeader(LoginPage.java:80)
at com.myPages.LoginPage.getLoginPageHeader(LoginPage.java:80)
at com.myPages.LoginPage.getLoginPageHeader(LoginPage.java:80)
at com.myPages.LoginPage.getLoginPageHeader(LoginPage.java:80)
at com.myPages.LoginPage.getLoginPageHeader(LoginPage.java:80)
at com.myPages.LoginPage.getLoginPageHeader(LoginPage.java:80)
at com.myPages.LoginPage.getLoginPageHeader(LoginPage.java:80)
at com.myPages.LoginPage.getLoginPageHeader(LoginPage.java:80)
at com.myPages.LoginPage.getLoginPageHeader(LoginPage.java:80)
at com.myPages.LoginPage.getLoginPageHeader(LoginPage.java:80)
at com.myPages.LoginPage.getLoginPageHeader(LoginPage.java:80)
at com.myPages.LoginPage.getLoginPageHeader(LoginPage.java:80)
at com.myPages.LoginPage.getLoginPageHeader(LoginPage.java:80)
at com.myPages.LoginPage.getLoginPageHeader(LoginPage.java:80)
at com.myPages.LoginPage.getLoginPageHeader(LoginPage.java:80)
at com.myPages.LoginPage.getLoginPageHeader(LoginPage.java:80)
at com.myPages.LoginPage.getLoginPageHeader(LoginPage.java:80)
at com.myPages.LoginPage.getLoginPageHeader(LoginPage.java:80)
at com.myPages.LoginPage.getLoginPageHeader(LoginPage.java:80)
at com.myPages.LoginPage.getLoginPageHeader(LoginPage.java:80)
at com.myPages.LoginPage.getLoginPageHeader(LoginPage.java:80)
at com.myPages.LoginPage.getLoginPageHeader(LoginPage.java:80)
at com.myPages.LoginPage.getLoginPageHeader(LoginPage.java:80)
at com.myPages.LoginPage.getLoginPageHeader(LoginPage.java:80)
at com.myPages.LoginPage.getLoginPageHeader(LoginPage.java:80)
at com.myPages.LoginPage.getLoginPageHeader(LoginPage.java:80)
at com.myPages.LoginPage.getLoginPageHeader(LoginPage.java:80)
at com.myPages.LoginPage.getLoginPageHeader(LoginPage.java:80)
at com.myPages.LoginPage.getLoginPageHeader(LoginPage.java:80)
at com.myPages.LoginPage.getLoginPageHeader(LoginPage.java:80)
at com.myPages.LoginPage.getLoginPageHeader(LoginPage.java:80)
at com.myPages.LoginPage.getLoginPageHeader(LoginPage.java:80)
at com.myPages.LoginPage.getLoginPageHeader(LoginPage.java:80)
at com.myPages.LoginPage.getLoginPageHeader(LoginPage.java:80)
at com.myPages.LoginPage.getLoginPageHeader(LoginPage.java:80)
at com.myPages.LoginPage.getLoginPageHeader(LoginPage.java:80)
at com.myPages.LoginPage.getLoginPageHeader(LoginPage.java:80)
at com.myPages.LoginPage.getLoginPageHeader(LoginPage.java:80)
at com.myPages.LoginPage.getLoginPageHeader(LoginPage.java:80)
at com.myPages.LoginPage.getLoginPageHeader(LoginPage.java:80)
at com.myPages.LoginPage.getLoginPageHeader(LoginPage.java:80)
at com.myPages.LoginPage.getLoginPageHeader(LoginPage.java:80)
at com.myPages.LoginPage.getLoginPageHeader(LoginPage.java:80)
at com.myPages.LoginPage.getLoginPageHeader(LoginPage.java:80)
at com.myPages.LoginPage.getLoginPageHeader(LoginPage.java:80)
at com.myPages.LoginPage.getLoginPageHeader(LoginPage.java:80)
at com.myPages.LoginPage.getLoginPageHeader(LoginPage.java:80)
at com.myPages.LoginPage.getLoginPageHeader(LoginPage.java:80)
at com.myPages.LoginPage.getLoginPageHeader(LoginPage.java:80)
at com.myPages.LoginPage.getLoginPageHeader(LoginPage.java:80)
at com.myPages.LoginPage.getLoginPageHeader(LoginPage.java:80)
at com.myPages.LoginPage.getLoginPageHeader(LoginPage.java:80)
at com.myPages.LoginPage.getLoginPageHeader(LoginPage.java:80)
at com.myPages.LoginPage.getLoginPageHeader(LoginPage.java:80)
at com.myPages.LoginPage.getLoginPageHeader(LoginPage.java:80)
at com.myPages.LoginPage.getLoginPageHeader(LoginPage.java:80)
at com.myPages.LoginPage.getLoginPageHeader(LoginPage.java:80)
at com.myPages.LoginPage.getLoginPageHeader(LoginPage.java:80)
at com.myPages.LoginPage.getLoginPageHeader(LoginPage.java:80)
at com.myPages.LoginPage.getLoginPageHeader(LoginPage.java:80)
at com.myPages.LoginPage.getLoginPageHeader(LoginPage.java:80)
at com.myPages.LoginPage.getLoginPageHeader(LoginPage.java:80)
at com.myPages.LoginPage.getLoginPageHeader(LoginPage.java:80)
at com.myPages.LoginPage.getLoginPageHeader(LoginPage.java:80)
at com.myPages.LoginPage.getLoginPageHeader(LoginPage.java:80)
at com.myPages.LoginPage.getLoginPageHeader(LoginPage.java:80)
at com.myPages.LoginPage.getLoginPageHeader(LoginPage.java:80)
at com.myPages.LoginPage.getLoginPageHeader(LoginPage.java:80)
at com.myPages.LoginPage.getLoginPageHeader(LoginPage.java:80)
at com.myPages.LoginPage.getLoginPageHeader(LoginPage.java:80)
at com.myPages.LoginPage.getLoginPageHeader(LoginPage.java:80)
at com.myPages.LoginPage.getLoginPageHeader(LoginPage.java:80)
at com.myPages.LoginPage.getLoginPageHeader(LoginPage.java:80)
at com.myPages.LoginPage.getLoginPageHeader(LoginPage.java:80)
at com.myPages.LoginPage.getLoginPageHeader(LoginPage.java:80)
at com.myPages.LoginPage.getLoginPageHeader(LoginPage.java:80)
at com.myPages.LoginPage.getLoginPageHeader(LoginPage.java:80)
at com.myPages.LoginPage.getLoginPageHeader(LoginPage.java:80)
at com.myPages.LoginPage.getLoginPageHeader(LoginPage.java:80)
at com.myPages.LoginPage.getLoginPageHeader(LoginPage.java:80)
at com.myPages.LoginPage.getLoginPageHeader(LoginPage.java:80)
at com.myPages.LoginPage.getLoginPageHeader(LoginPage.java:80)
at com.myPages.LoginPage.getLoginPageHeader(LoginPage.java:80)
at com.myPages.LoginPage.getLoginPageHeader(LoginPage.java:80)
at com.myPages.LoginPage.getLoginPageHeader(LoginPage.java:80)
at com.myPages.LoginPage.getLoginPageHeader(LoginPage.java:80)
at com.myPages.LoginPage.getLoginPageHeader(LoginPage.java:80)
at com.myPages.LoginPage.getLoginPageHeader(LoginPage.java:80)
at com.myPages.LoginPage.getLoginPageHeader(LoginPage.java:80)
at com.myPages.LoginPage.getLoginPageHeader(LoginPage.java:80)
at com.myPages.LoginPage.getLoginPageHeader(LoginPage.java:80)
at com.myPages.LoginPage.getLoginPageHeader(LoginPage.java:80)
at com.myPages.LoginPage.getLoginPageHeader(LoginPage.java:80)
at com.myPages.LoginPage.getLoginPageHeader(LoginPage.java:80)
at com.myPages.LoginPage.getLoginPageHeader(LoginPage.java:80)
at com.myPages.LoginPage.getLoginPageHeader(LoginPage.java:80)
at com.myPages.LoginPage.getLoginPageHeader(LoginPage.java:80)
at com.myPages.LoginPage.getLoginPageHeader(LoginPage.java:80)
at com.myPages.LoginPage.getLoginPageHeader(LoginPage.java:80)
at com.myPages.LoginPage.getLoginPageHeader(LoginPage.java:80)
at com.myPages.LoginPage.getLoginPageHeader(LoginPage.java:80)
at com.myPages.LoginPage.getLoginPageHeader(LoginPage.java:80)
at com.myPages.LoginPage.getLoginPageHeader(LoginPage.java:80)
at com.myPages.LoginPage.getLoginPageHeader(LoginPage.java:80)
at com.myPages.LoginPage.getLoginPageHeader(LoginPage.java:80)
at com.myPages.LoginPage.getLoginPageHeader(LoginPage.java:80)
at com.myPages.LoginPage.getLoginPageHeader(LoginPage.java:80)
at com.myPages.LoginPage.getLoginPageHeader(LoginPage.java:80)
at com.myPages.LoginPage.getLoginPageHeader(LoginPage.java:80)
at com.myPages.LoginPage.getLoginPageHeader(LoginPage.java:80)
at com.myPages.LoginPage.getLoginPageHeader(LoginPage.java:80)
at com.myPages.LoginPage.getLoginPageHeader(LoginPage.java:80)
at com.myPages.LoginPage.getLoginPageHeader(LoginPage.java:80)
at com.myPages.LoginPage.getLoginPageHeader(LoginPage.java:80)
at com.myPages.LoginPage.getLoginPageHeader(LoginPage.java:80)
at com.myPages.LoginPage.getLoginPageHeader(LoginPage.java:80)
at com.myPages.LoginPage.getLoginPageHeader(LoginPage.java:80)
at com.myPages.LoginPage.getLoginPageHeader(LoginPage.java:80)
at com.myPages.LoginPage.getLoginPageHeader(LoginPage.java:80)
at com.myPages.LoginPage.getLoginPageHeader(LoginPage.java:80)
at com.myPages.LoginPage.getLoginPageHeader(LoginPage.java:80)
at com.myPages.LoginPage.getLoginPageHeader(LoginPage.java:80)
at com.myPages.LoginPage.getLoginPageHeader(LoginPage.java:80)
at com.myPages.LoginPage.getLoginPageHeader(LoginPage.java:80)
at com.myPages.LoginPage.getLoginPageHeader(LoginPage.java:80)
at com.myPages.LoginPage.getLoginPageHeader(LoginPage.java:80)
at com.myPages.LoginPage.getLoginPageHeader(LoginPage.java:80)
at com.myPages.LoginPage.getLoginPageHeader(LoginPage.java:80)
at com.myPages.LoginPage.getLoginPageHeader(LoginPage.java:80)
at com.myPages.LoginPage.getLoginPageHeader(LoginPage.java:80)
at com.myPages.LoginPage.getLoginPageHeader(LoginPage.java:80)
at com.myPages.LoginPage.getLoginPageHeader(LoginPage.java:80)
at com.myPages.LoginPage.getLoginPageHeader(LoginPage.java:80)
at com.myPages.LoginPage.getLoginPageHeader(LoginPage.java:80)
at com.myPages.LoginPage.getLoginPageHeader(LoginPage.java:80)
at com.myPages.LoginPage.getLoginPageHeader(LoginPage.java:80)
at com.myPages.LoginPage.getLoginPageHeader(LoginPage.java:80)
at com.myPages.LoginPage.getLoginPageHeader(LoginPage.java:80)
at com.myPages.LoginPage.getLoginPageHeader(LoginPage.java:80)
at com.myPages.LoginPage.getLoginPageHeader(LoginPage.java:80)
at com.myPages.LoginPage.getLoginPageHeader(LoginPage.java:80)
at com.myPages.LoginPage.getLoginPageHeader(LoginPage.java:80)
at com.myPages.LoginPage.getLoginPageHeader(LoginPage.java:80)
at com.myPages.LoginPage.getLoginPageHeader(LoginPage.java:80)
at com.myPages.LoginPage.getLoginPageHeader(LoginPage.java:80)
at com.myPages.LoginPage.getLoginPageHeader(LoginPage.java:80)
at com.myPages.LoginPage.getLoginPageHeader(LoginPage.java:80)
at com.myPages.LoginPage.getLoginPageHeader(LoginPage.java:80)
at com.myPages.LoginPage.getLoginPageHeader(LoginPage.java:80)
at com.myPages.LoginPage.getLoginPageHeader(LoginPage.java:80)
at com.myPages.LoginPage.getLoginPageHeader(LoginPage.java:80)
at com.myPages.LoginPage.getLoginPageHeader(LoginPage.java:80)
at com.myPages.LoginPage.getLoginPageHeader(LoginPage.java:80)
at com.myPages.LoginPage.getLoginPageHeader(LoginPage.java:80)
at com.myPages.LoginPage.getLoginPageHeader(LoginPage.java:80)
at com.myPages.LoginPage.getLoginPageHeader(LoginPage.java:80)
at com.myPages.LoginPage.getLoginPageHeader(LoginPage.java:80)
at com.myPages.LoginPage.getLoginPageHeader(LoginPage.java:80)
at com.myPages.LoginPage.getLoginPageHeader(LoginPage.java:80)
at com.myPages.LoginPage.getLoginPageHeader(LoginPage.java:80)
at com.myPages.LoginPage.getLoginPageHeader(LoginPage.java:80)
at com.myPages.LoginPage.getLoginPageHeader(LoginPage.java:80)
at com.myPages.LoginPage.getLoginPageHeader(LoginPage.java:80)
at com.myPages.LoginPage.getLoginPageHeader(LoginPage.java:80)
at com.myPages.LoginPage.getLoginPageHeader(LoginPage.java:80)
at com.myPages.LoginPage.getLoginPageHeader(LoginPage.java:80)
at com.myPages.LoginPage.getLoginPageHeader(LoginPage.java:80)
at com.myPages.LoginPage.getLoginPageHeader(LoginPage.java:80)
at com.myPages.LoginPage.getLoginPageHeader(LoginPage.java:80)
at com.myPages.LoginPage.getLoginPageHeader(LoginPage.java:80)
at com.myPages.LoginPage.getLoginPageHeader(LoginPage.java:80)
at com.myPages.LoginPage.getLoginPageHeader(LoginPage.java:80)
at com.myPages.LoginPage.getLoginPageHeader(LoginPage.java:80)
at com.myPages.LoginPage.getLoginPageHeader(LoginPage.java:80)
at com.myPages.LoginPage.getLoginPageHeader(LoginPage.java:80)
at com.myPages.LoginPage.getLoginPageHeader(LoginPage.java:80)
at com.myPages.LoginPage.getLoginPageHeader(LoginPage.java:80)
at com.myPages.LoginPage.getLoginPageHeader(LoginPage.java:80)
at com.myPages.LoginPage.getLoginPageHeader(LoginPage.java:80)
at com.myPages.LoginPage.getLoginPageHeader(LoginPage.java:80)
at com.myPages.LoginPage.getLoginPageHeader(LoginPage.java:80)
at com.myPages.LoginPage.getLoginPageHeader(LoginPage.java:80)
at com.myPages.LoginPage.getLoginPageHeader(LoginPage.java:80)
at com.myPages.LoginPage.getLoginPageHeader(LoginPage.java:80)
at com.myPages.LoginPage.getLoginPageHeader(LoginPage.java:80)
at com.myPages.LoginPage.getLoginPageHeader(LoginPage.java:80)
at com.myPages.LoginPage.getLoginPageHeader(LoginPage.java:80)
at com.myPages.LoginPage.getLoginPageHeader(LoginPage.java:80)
at com.myPages.LoginPage.getLoginPageHeader(LoginPage.java:80)
at com.myPages.LoginPage.getLoginPageHeader(LoginPage.java:80)
at com.myPages.LoginPage.getLoginPageHeader(LoginPage.java:80)
at com.myPages.LoginPage.getLoginPageHeader(LoginPage.java:80)
at com.myPages.LoginPage.getLoginPageHeader(LoginPage.java:80)
at com.myPages.LoginPage.getLoginPageHeader(LoginPage.java:80)
at com.myPages.LoginPage.getLoginPageHeader(LoginPage.java:80)
at com.myPages.LoginPage.getLoginPageHeader(LoginPage.java:80)
at com.myPages.LoginPage.getLoginPageHeader(LoginPage.java:80)
at com.myPages.LoginPage.getLoginPageHeader(LoginPage.java:80)
at com.myPages.LoginPage.getLoginPageHeader(LoginPage.java:80)
at com.myPages.LoginPage.getLoginPageHeader(LoginPage.java:80)
at com.myPages.LoginPage.getLoginPageHeader(LoginPage.java:80)
at com.myPages.LoginPage.getLoginPageHeader(LoginPage.java:80)
at com.myPages.LoginPage.getLoginPageHeader(LoginPage.java:80)
at com.myPages.LoginPage.getLoginPageHeader(LoginPage.java:80)
at com.myPages.LoginPage.getLoginPageHeader(LoginPage.java:80)
at com.myPages.LoginPage.getLoginPageHeader(LoginPage.java:80)
at com.myPages.LoginPage.getLoginPageHeader(LoginPage.java:80)
at com.myPages.LoginPage.getLoginPageHeader(LoginPage.java:80)
at com.myPages.LoginPage.getLoginPageHeader(LoginPage.java:80)
at com.myPages.LoginPage.getLoginPageHeader(LoginPage.java:80)
at com.myPages.LoginPage.getLoginPageHeader(LoginPage.java:80)
at com.myPages.LoginPage.getLoginPageHeader(LoginPage.java:80)
at com.myPages.LoginPage.getLoginPageHeader(LoginPage.java:80)
at com.myPages.LoginPage.getLoginPageHeader(LoginPage.java:80)
at com.myPages.LoginPage.getLoginPageHeader(LoginPage.java:80)
at com.myPages.LoginPage.getLoginPageHeader(LoginPage.java:80)
at com.myPages.LoginPage.getLoginPageHeader(LoginPage.java:80)
at com.myPages.LoginPage.getLoginPageHeader(LoginPage.java:80)
at com.myPages.LoginPage.getLoginPageHeader(LoginPage.java:80)
at com.myPages.LoginPage.getLoginPageHeader(LoginPage.java:80)
at com.myPages.LoginPage.getLoginPageHeader(LoginPage.java:80)
at com.myPages.LoginPage.getLoginPageHeader(LoginPage.java:80)
at com.myPages.LoginPage.getLoginPageHeader(LoginPage.java:80)
at com.myPages.LoginPage.getLoginPageHeader(LoginPage.java:80)
at com.myPages.LoginPage.getLoginPageHeader(LoginPage.java:80)
at com.myPages.LoginPage.getLoginPageHeader(LoginPage.java:80)
at com.myPages.LoginPage.getLoginPageHeader(LoginPage.java:80)
at com.myPages.LoginPage.getLoginPageHeader(LoginPage.java:80)
at com.myPages.LoginPage.getLoginPageHeader(LoginPage.java:80)
at com.myPages.LoginPage.getLoginPageHeader(LoginPage.java:80)
at com.myPages.LoginPage.getLoginPageHeader(LoginPage.java:80)
at com.myPages.LoginPage.getLoginPageHeader(LoginPage.java:80)
at com.myPages.LoginPage.getLoginPageHeader(LoginPage.java:80)
at com.myPages.LoginPage.getLoginPageHeader(LoginPage.java:80)
at com.myPages.LoginPage.getLoginPageHeader(LoginPage.java:80)
at com.myPages.LoginPage.getLoginPageHeader(LoginPage.java:80)
at com.myPages.LoginPage.getLoginPageHeader(LoginPage.java:80)
at com.myPages.LoginPage.getLoginPageHeader(LoginPage.java:80)
at com.myPages.LoginPage.getLoginPageHeader(LoginPage.java:80)
at com.myPages.LoginPage.getLoginPageHeader(LoginPage.java:80)
at com.myPages.LoginPage.getLoginPageHeader(LoginPage.java:80)
at com.myPages.LoginPage.getLoginPageHeader(LoginPage.java:80)
at com.myPages.LoginPage.getLoginPageHeader(LoginPage.java:80)
at com.myPages.LoginPage.getLoginPageHeader(LoginPage.java:80)
at com.myPages.LoginPage.getLoginPageHeader(LoginPage.java:80)
at com.myPages.LoginPage.getLoginPageHeader(LoginPage.java:80)
at com.myPages.LoginPage.getLoginPageHeader(LoginPage.java:80)
at com.myPages.LoginPage.getLoginPageHeader(LoginPage.java:80)
at com.myPages.LoginPage.getLoginPageHeader(LoginPage.java:80)
at com.myPages.LoginPage.getLoginPageHeader(LoginPage.java:80)
at com.myPages.LoginPage.getLoginPageHeader(LoginPage.java:80)
at com.myPages.LoginPage.getLoginPageHeader(LoginPage.java:80)
at com.myPages.LoginPage.getLoginPageHeader(LoginPage.java:80)
at com.myPages.LoginPage.getLoginPageHeader(LoginPage.java:80)
at com.myPages.LoginPage.getLoginPageHeader(LoginPage.java:80)
at com.myPages.LoginPage.getLoginPageHeader(LoginPage.java:80)
at com.myPages.LoginPage.getLoginPageHeader(LoginPage.java:80)
at com.myPages.LoginPage.getLoginPageHeader(LoginPage.java:80)
at com.myPages.LoginPage.getLoginPageHeader(LoginPage.java:80)
at com.myPages.LoginPage.getLoginPageHeader(LoginPage.java:80)
at com.myPages.LoginPage.getLoginPageHeader(LoginPage.java:80)
at com.myPages.LoginPage.getLoginPageHeader(LoginPage.java:80)
at com.myPages.LoginPage.getLoginPageHeader(LoginPage.java:80)
at com.myPages.LoginPage.getLoginPageHeader(LoginPage.java:80)
at com.myPages.LoginPage.getLoginPageHeader(LoginPage.java:80)
at com.myPages.LoginPage.getLoginPageHeader(LoginPage.java:80)
at com.myPages.LoginPage.getLoginPageHeader(LoginPage.java:80)
at com.myPages.LoginPage.getLoginPageHeader(LoginPage.java:80)
at com.myPages.LoginPage.getLoginPageHeader(LoginPage.java:80)
at com.myPages.LoginPage.getLoginPageHeader(LoginPage.java:80)
at com.myPages.LoginPage.getLoginPageHeader(LoginPage.java:80)
at com.myPages.LoginPage.getLoginPageHeader(LoginPage.java:80)
at com.myPages.LoginPage.getLoginPageHeader(LoginPage.java:80)
at com.myPages.LoginPage.getLoginPageHeader(LoginPage.java:80)
at com.myPages.LoginPage.getLoginPageHeader(LoginPage.java:80)
at com.myPages.LoginPage.getLoginPageHeader(LoginPage.java:80)
at com.myPages.LoginPage.getLoginPageHeader(LoginPage.java:80)
at com.myPages.LoginPage.getLoginPageHeader(LoginPage.java:80)
at com.myPages.LoginPage.getLoginPageHeader(LoginPage.java:80)
at com.myPages.LoginPage.getLoginPageHeader(LoginPage.java:80)
at com.myPages.LoginPage.getLoginPageHeader(LoginPage.java:80)
at com.myPages.LoginPage.getLoginPageHeader(LoginPage.java:80)
at com.myPages.LoginPage.getLoginPageHeader(LoginPage.java:80)
at com.myPages.LoginPage.getLoginPageHeader(LoginPage.java:80)
at com.myPages.LoginPage.getLoginPageHeader(LoginPage.java:80)
at com.myPages.LoginPage.getLoginPageHeader(LoginPage.java:80)
at com.myPages.LoginPage.getLoginPageHeader(LoginPage.java:80)
at com.myPages.LoginPage.getLoginPageHeader(LoginPage.java:80)
at com.myPages.LoginPage.getLoginPageHeader(LoginPage.java:80)
at com.myPages.LoginPage.getLoginPageHeader(LoginPage.java:80)
at com.myPages.LoginPage.getLoginPageHeader(LoginPage.java:80)
at com.myPages.LoginPage.getLoginPageHeader(LoginPage.java:80)
at com.myPages.LoginPage.getLoginPageHeader(LoginPage.java:80)
at com.myPages.LoginPage.getLoginPageHeader(LoginPage.java:80)
at com.myPages.LoginPage.getLoginPageHeader(LoginPage.java:80)
at com.myPages.LoginPage.getLoginPageHeader(LoginPage.java:80)
at com.myPages.LoginPage.getLoginPageHeader(LoginPage.java:80)
at com.myPages.LoginPage.getLoginPageHeader(LoginPage.java:80)
at com.myPages.LoginPage.getLoginPageHeader(LoginPage.java:80)
at com.myPages.LoginPage.getLoginPageHeader(LoginPage.java:80)
at com.myPages.LoginPage.getLoginPageHeader(LoginPage.java:80)
at com.myPages.LoginPage.getLoginPageHeader(LoginPage.java:80)
at com.myPages.LoginPage.getLoginPageHeader(LoginPage.java:80)
at com.myPages.LoginPage.getLoginPageHeader(LoginPage.java:80)
at com.myPages.LoginPage.getLoginPageHeader(LoginPage.java:80)
at com.myPages.LoginPage.getLoginPageHeader(LoginPage.java:80)
at com.myPages.LoginPage.getLoginPageHeader(LoginPage.java:80)
at com.myPages.LoginPage.getLoginPageHeader(LoginPage.java:80)
at com.myPages.LoginPage.getLoginPageHeader(LoginPage.java:80)
at com.myPages.LoginPage.getLoginPageHeader(LoginPage.java:80)
at com.myPages.LoginPage.getLoginPageHeader(LoginPage.java:80)
at com.myPages.LoginPage.getLoginPageHeader(LoginPage.java:80)
at com.myPages.LoginPage.getLoginPageHeader(LoginPage.java:80)
at com.myPages.LoginPage.getLoginPageHeader(LoginPage.java:80)
at com.myPages.LoginPage.getLoginPageHeader(LoginPage.java:80)
at com.myPages.LoginPage.getLoginPageHeader(LoginPage.java:80)
at com.myPages.LoginPage.getLoginPageHeader(LoginPage.java:80)
at com.myPages.LoginPage.getLoginPageHeader(LoginPage.java:80)
at com.myPages.LoginPage.getLoginPageHeader(LoginPage.java:80)
at com.myPages.LoginPage.getLoginPageHeader(LoginPage.java:80)
at com.myPages.LoginPage.getLoginPageHeader(LoginPage.java:80)
at com.myPages.LoginPage.getLoginPageHeader(LoginPage.java:80)
at com.myPages.LoginPage.getLoginPageHeader(LoginPage.java:80)
at com.myPages.LoginPage.getLoginPageHeader(LoginPage.java:80)
at com.myPages.LoginPage.getLoginPageHeader(LoginPage.java:80)
at com.myPages.LoginPage.getLoginPageHeader(LoginPage.java:80)
at com.myPages.LoginPage.getLoginPageHeader(LoginPage.java:80)
at com.myPages.LoginPage.getLoginPageHeader(LoginPage.java:80)
at com.myPages.LoginPage.getLoginPageHeader(LoginPage.java:80)
at com.myPages.LoginPage.getLoginPageHeader(LoginPage.java:80)
at com.myPages.LoginPage.getLoginPageHeader(LoginPage.java:80)
at com.myPages.LoginPage.getLoginPageHeader(LoginPage.java:80)
at com.myPages.LoginPage.getLoginPageHeader(LoginPage.java:80)
at com.myPages.LoginPage.getLoginPageHeader(LoginPage.java:80)
at com.myPages.LoginPage.getLoginPageHeader(LoginPage.java:80)
at com.myPages.LoginPage.getLoginPageHeader(LoginPage.java:80)
at com.myPages.LoginPage.getLoginPageHeader(LoginPage.java:80)
at com.myPages.LoginPage.getLoginPageHeader(LoginPage.java:80)
at com.myPages.LoginPage.getLoginPageHeader(LoginPage.java:80)
at com.myPages.LoginPage.getLoginPageHeader(LoginPage.java:80)
at com.myPages.LoginPage.getLoginPageHeader(LoginPage.java:80)
at com.myPages.LoginPage.getLoginPageHeader(LoginPage.java:80)
at com.myPages.LoginPage.getLoginPageHeader(LoginPage.java:80)
at com.myPages.LoginPage.getLoginPageHeader(LoginPage.java:80)
]]>
    </failure>
  </testcase> <!-- verifygetLoginHeaderTest -->
  <testcase classname="com.MyTest.LogInTest" name="verifyLoginPageTitleTest" time="20.499">
    <failure type="org.openqa.selenium.remote.UnreachableBrowserException" message="Error communicating with the remote browser. It may have died.
Build info: version: &amp;apos;4.33.0&amp;apos;, revision: &amp;apos;2c6aaad03a&amp;apos;
System info: os.name: &amp;apos;Windows 11&amp;apos;, os.arch: &amp;apos;amd64&amp;apos;, os.version: &amp;apos;10.0&amp;apos;, java.version: &amp;apos;21.0.5&amp;apos;
Driver info: org.openqa.selenium.chrome.ChromeDriver
Command: [9b636eaae8d8c4c31e1aeacd4bf907ca, getTitle []]
Capabilities {acceptInsecureCerts: false, browserName: chrome, browserVersion: 138.0.7204.101, chrome: {chromedriverVersion: 138.0.7204.157 (e533e98b126..., userDataDir: C:\Users\SATYAN~1\AppData\L...}, fedcm:accounts: true, goog:chromeOptions: {debuggerAddress: localhost:61993}, networkConnectionEnabled: false, pageLoadStrategy: normal, platformName: windows, proxy: Proxy(), se:cdp: ws://localhost:61993/devtoo..., se:cdpVersion: 138.0.7204.101, setWindowRect: true, strictFileInteractability: false, timeouts: {implicit: 0, pageLoad: 300000, script: 30000}, unhandledPromptBehavior: dismiss and notify, webauthn:extension:credBlob: true, webauthn:extension:largeBlob: true, webauthn:extension:minPinLength: true, webauthn:extension:prf: true, webauthn:virtualAuthenticators: true}
Session ID: 9b636eaae8d8c4c31e1aeacd4bf907ca">
      <![CDATA[org.openqa.selenium.remote.UnreachableBrowserException: Error communicating with the remote browser. It may have died.
Build info: version: '4.33.0', revision: '2c6aaad03a'
System info: os.name: 'Windows 11', os.arch: 'amd64', os.version: '10.0', java.version: '21.0.5'
Driver info: org.openqa.selenium.chrome.ChromeDriver
Command: [9b636eaae8d8c4c31e1aeacd4bf907ca, getTitle []]
Capabilities {acceptInsecureCerts: false, browserName: chrome, browserVersion: 138.0.7204.101, chrome: {chromedriverVersion: 138.0.7204.157 (e533e98b126..., userDataDir: C:\Users\SATYAN~1\AppData\L...}, fedcm:accounts: true, goog:chromeOptions: {debuggerAddress: localhost:61993}, networkConnectionEnabled: false, pageLoadStrategy: normal, platformName: windows, proxy: Proxy(), se:cdp: ws://localhost:61993/devtoo..., se:cdpVersion: 138.0.7204.101, setWindowRect: true, strictFileInteractability: false, timeouts: {implicit: 0, pageLoad: 300000, script: 30000}, unhandledPromptBehavior: dismiss and notify, webauthn:extension:credBlob: true, webauthn:extension:largeBlob: true, webauthn:extension:minPinLength: true, webauthn:extension:prf: true, webauthn:virtualAuthenticators: true}
Session ID: 9b636eaae8d8c4c31e1aeacd4bf907ca
at org.openqa.selenium.remote.RemoteWebDriver.execute(RemoteWebDriver.java:571)
at org.openqa.selenium.remote.RemoteWebDriver.execute(RemoteWebDriver.java:617)
at org.openqa.selenium.remote.RemoteWebDriver.execute(RemoteWebDriver.java:621)
at org.openqa.selenium.remote.RemoteWebDriver.getTitle(RemoteWebDriver.java:317)
at com.myPages.BasePage.getPageTitle(BasePage.java:16)
at com.myPages.LoginPage.getLoginPageTitle(LoginPage.java:51)
at com.MyTest.LogInTest.verifyLoginPageTitleTest(LogInTest.java:13)
at java.base/jdk.internal.reflect.DirectMethodHandleAccessor.invoke(DirectMethodHandleAccessor.java:103)
at java.base/java.lang.reflect.Method.invoke(Method.java:580)
at org.testng.internal.invokers.MethodInvocationHelper.invokeMethod(MethodInvocationHelper.java:141)
at org.testng.internal.invokers.TestInvoker.invokeMethod(TestInvoker.java:687)
at org.testng.internal.invokers.TestInvoker.invokeTestMethod(TestInvoker.java:230)
at org.testng.internal.invokers.MethodRunner.runInSequence(MethodRunner.java:63)
at org.testng.internal.invokers.TestInvoker$MethodInvocationAgent.invoke(TestInvoker.java:995)
at org.testng.internal.invokers.TestInvoker.invokeTestMethods(TestInvoker.java:203)
at org.testng.internal.invokers.TestMethodWorker.invokeTestMethods(TestMethodWorker.java:154)
at org.testng.internal.invokers.TestMethodWorker.run(TestMethodWorker.java:134)
at java.base/java.util.concurrent.Executors$RunnableAdapter.call(Executors.java:572)
at java.base/java.util.concurrent.FutureTask.run(FutureTask.java:317)
at org.testng.internal.thread.graph.TestNGFutureTask.run(TestNGFutureTask.java:22)
at java.base/java.util.concurrent.ThreadPoolExecutor.runWorker(ThreadPoolExecutor.java:1144)
at java.base/java.util.concurrent.ThreadPoolExecutor$Worker.run(ThreadPoolExecutor.java:642)
at java.base/java.lang.Thread.run(Thread.java:1583)
Caused by: java.io.UncheckedIOException: java.io.IOException: Task jdk.internal.net.http.common.SequentialScheduler$SchedulableTask@35dd3e5c rejected from java.util.concurrent.ThreadPoolExecutor@10f84eab[Shutting down, pool size = 3, active threads = 3, queued tasks = 0, completed tasks = 52]
at org.openqa.selenium.remote.http.jdk.JdkHttpClient.execute0(JdkHttpClient.java:500)
at org.openqa.selenium.remote.http.AddSeleniumUserAgent.lambda$apply$0(AddSeleniumUserAgent.java:42)
at org.openqa.selenium.remote.http.Filter.lambda$andFinally$1(Filter.java:55)
at org.openqa.selenium.remote.http.jdk.JdkHttpClient.lambda$executeAsync$2(JdkHttpClient.java:387)
at java.base/java.util.concurrent.Executors$RunnableAdapter.call(Executors.java:572)
at java.base/java.util.concurrent.FutureTask.run(FutureTask.java:317)
... 3 more
Caused by: java.io.IOException: Task jdk.internal.net.http.common.SequentialScheduler$SchedulableTask@35dd3e5c rejected from java.util.concurrent.ThreadPoolExecutor@10f84eab[Shutting down, pool size = 3, active threads = 3, queued tasks = 0, completed tasks = 52]
at java.net.http/jdk.internal.net.http.HttpClientImpl.send(HttpClientImpl.java:968)
at java.net.http/jdk.internal.net.http.HttpClientFacade.send(HttpClientFacade.java:133)
at org.openqa.selenium.remote.http.jdk.JdkHttpClient.execute0(JdkHttpClient.java:459)
... 8 more
Caused by: java.util.concurrent.RejectedExecutionException: Task jdk.internal.net.http.common.SequentialScheduler$SchedulableTask@35dd3e5c rejected from java.util.concurrent.ThreadPoolExecutor@10f84eab[Shutting down, pool size = 3, active threads = 3, queued tasks = 0, completed tasks = 52]
at java.base/java.util.concurrent.ThreadPoolExecutor$AbortPolicy.rejectedExecution(ThreadPoolExecutor.java:2081)
at java.base/java.util.concurrent.ThreadPoolExecutor.reject(ThreadPoolExecutor.java:841)
at java.base/java.util.concurrent.ThreadPoolExecutor.execute(ThreadPoolExecutor.java:1376)
at java.net.http/jdk.internal.net.http.HttpClientImpl$DelegatingExecutor.ensureExecutedAsync(HttpClientImpl.java:183)
at java.net.http/jdk.internal.net.http.HttpClientImpl$DelegatingExecutor.execute(HttpClientImpl.java:175)
at java.net.http/jdk.internal.net.http.common.SequentialScheduler.runOrSchedule(SequentialScheduler.java:282)
at java.net.http/jdk.internal.net.http.common.SequentialScheduler.runOrSchedule(SequentialScheduler.java:251)
at java.net.http/jdk.internal.net.http.Http1AsyncReceiver.onReadError(Http1AsyncReceiver.java:516)
at java.net.http/jdk.internal.net.http.Http1AsyncReceiver$Http1TubeSubscriber.onComplete(Http1AsyncReceiver.java:601)
at java.net.http/jdk.internal.net.http.SocketTube$InternalReadPublisher$ReadSubscription.signalCompletion(SocketTube.java:648)
at java.net.http/jdk.internal.net.http.SocketTube$InternalReadPublisher$InternalReadSubscription.read(SocketTube.java:853)
at java.net.http/jdk.internal.net.http.SocketTube$SocketFlowTask.run(SocketTube.java:181)
at java.net.http/jdk.internal.net.http.common.SequentialScheduler$SchedulableTask.run(SequentialScheduler.java:207)
at java.net.http/jdk.internal.net.http.common.SequentialScheduler.runOrSchedule(SequentialScheduler.java:280)
at java.net.http/jdk.internal.net.http.common.SequentialScheduler.runOrSchedule(SequentialScheduler.java:233)
at java.net.http/jdk.internal.net.http.SocketTube$InternalReadPublisher$InternalReadSubscription.signalReadable(SocketTube.java:782)
at java.net.http/jdk.internal.net.http.SocketTube$InternalReadPublisher$ReadEvent.signalEvent(SocketTube.java:965)
at java.net.http/jdk.internal.net.http.SocketTube$SocketFlowEvent.handle(SocketTube.java:253)
at java.net.http/jdk.internal.net.http.HttpClientImpl$SelectorManager.handleEvent(HttpClientImpl.java:1469)
at java.net.http/jdk.internal.net.http.HttpClientImpl$SelectorManager.lambda$run$3(HttpClientImpl.java:1414)
at java.base/java.util.ArrayList.forEach(ArrayList.java:1596)
at java.net.http/jdk.internal.net.http.HttpClientImpl$SelectorManager.run(HttpClientImpl.java:1414)
]]>
    </failure>
  </testcase> <!-- verifyLoginPageTitleTest -->
  <testcase classname="com.MyTest.LogInTest" name="doLoginTest" time="23.816">
    <failure type="java.lang.NullPointerException" message="Cannot invoke &amp;quot;org.openqa.selenium.WebElement.getText()&amp;quot; because the return value of &amp;quot;com.myPages.BasePage.getElement(org.openqa.selenium.By)&amp;quot; is null">
      <![CDATA[java.lang.NullPointerException: Cannot invoke "org.openqa.selenium.WebElement.getText()" because the return value of "com.myPages.BasePage.getElement(org.openqa.selenium.By)" is null
at com.myPages.BasePage.getPageHeader(BasePage.java:21)
at com.myPages.HomePage.getHomePageHeader(HomePage.java:24)
at com.MyTest.LogInTest.doLoginTest(LogInTest.java:28)
at java.base/jdk.internal.reflect.DirectMethodHandleAccessor.invoke(DirectMethodHandleAccessor.java:103)
at java.base/java.lang.reflect.Method.invoke(Method.java:580)
at org.testng.internal.invokers.MethodInvocationHelper.invokeMethod(MethodInvocationHelper.java:141)
at org.testng.internal.invokers.TestInvoker.invokeMethod(TestInvoker.java:687)
at org.testng.internal.invokers.TestInvoker.invokeTestMethod(TestInvoker.java:230)
at org.testng.internal.invokers.MethodRunner.runInSequence(MethodRunner.java:63)
at org.testng.internal.invokers.TestInvoker$MethodInvocationAgent.invoke(TestInvoker.java:995)
at org.testng.internal.invokers.TestInvoker.invokeTestMethods(TestInvoker.java:203)
at org.testng.internal.invokers.TestMethodWorker.invokeTestMethods(TestMethodWorker.java:154)
at org.testng.internal.invokers.TestMethodWorker.run(TestMethodWorker.java:134)
at java.base/java.util.concurrent.Executors$RunnableAdapter.call(Executors.java:572)
at java.base/java.util.concurrent.FutureTask.run(FutureTask.java:317)
at org.testng.internal.thread.graph.TestNGFutureTask.run(TestNGFutureTask.java:22)
at java.base/java.util.concurrent.ThreadPoolExecutor.runWorker(ThreadPoolExecutor.java:1144)
at java.base/java.util.concurrent.ThreadPoolExecutor$Worker.run(ThreadPoolExecutor.java:642)
at java.base/java.lang.Thread.run(Thread.java:1583)
]]>
    </failure>
  </testcase> <!-- doLoginTest -->
</testsuite> <!-- Free CRM Application Test firefox -->
