<?xml version="1.0" encoding="UTF-8"?>
<testng-results ignored="0" total="1" passed="1" failed="0" skipped="0">
  <reporter-output>
  </reporter-output>
  <suite started-at="2025-08-06T21:52:56 IST" name="Default suite" finished-at="2025-08-06T21:53:15 IST" duration-ms="18358">
    <groups>
    </groups>
    <test started-at="2025-08-06T21:52:56 IST" name="Default test" finished-at="2025-08-06T21:53:15 IST" duration-ms="18358">
      <class name="com.qa.selenium.BrokenLinks">
        <test-method signature="browserlinks()[pri:0, instance:com.qa.selenium.BrokenLinks@489115ef]" started-at="2025-08-06T21:52:56 IST" name="browserlinks" finished-at="2025-08-06T21:53:15 IST" duration-ms="18282" status="PASS">
          <reporter-output>
          </reporter-output>
        </test-method> <!-- browserlinks -->
      </class> <!-- com.qa.selenium.BrokenLinks -->
    </test> <!-- Default test -->
  </suite> <!-- Default suite -->
</testng-results>
